#
# A fatal error has been detected by the Java Runtime Environment:
#
#  EXCEPTION_ACCESS_VIOLATION (0xc0000005) at pc=0x0000000055fcfb63, pid=17368, tid=0x0000000000002634
#
# JRE version: Java(TM) SE Runtime Environment (8.0_172-b11) (build 1.8.0_172-b11)
# Java VM: Java HotSpot(TM) 64-Bit Server VM (25.172-b11 mixed mode windows-amd64 compressed oops)
# Problematic frame:
# V  [jvm.dll+0x13fb63]
#
# Failed to write core dump. Minidumps are not enabled by default on client versions of Windows
#
# If you would like to submit a bug report, please visit:
#   http://bugreport.java.com/bugreport/crash.jsp
#

---------------  T H R E A D  ---------------

Current thread (0x00000000028b5800):  JavaThread "main" [_thread_in_vm, id=9780, stack(0x00000000027b0000,0x00000000028b0000)]

siginfo: ExceptionCode=0xc0000005, reading address 0x00000002b06ab2e8

Registers:
RAX=0x0000000000000000, RBX=0x00000000028b5800, RCX=0x0000000000000003, RDX=0x00000002b06ab280
RSP=0x00000000028aeaa0, RBP=0x00000000028aebf0, RSI=0x00000000028b59f8, RDI=0x00000000028b5800
R8 =0xffff8003ba172ef0, R9 =0x00007ffc45e8d13f, R10=0x000000000000002f, R11=0x000000000000002f
R12=0x00000000028aee30, R13=0x0000000000000000, R14=0x00000000028aee28, R15=0x0000000000000000
RIP=0x0000000055fcfb63, EFLAGS=0x0000000000010202

Top of Stack: (sp=0x00000000028aeaa0)
0x00000000028aeaa0:   00007ffc45e8d110 00000000028b5800
0x00000000028aeab0:   00000000028aebf0 0000000000000000
0x00000000028aeac0:   00000000028b5800 0000000000000000
0x00000000028aead0:   0000000000000000 0000000000000000
0x00000000028aeae0:   0000000014eb8d70 00007ffc45e66777
0x00000000028aeaf0:   00000000028b59f8 00000000028aebf0
0x00000000028aeb00:   00000000028b5800 0000000002a11397
0x00000000028aeb10:   0000000002a116a0 0000000000000000
0x00000000028aeb20:   0000000000000000 0000000000000000
0x00000000028aeb30:   0000000002a112a0 0000000002010000
0x00000000028aeb40:   00000000028aeaa0 0000000000000000
0x00000000028aeb50:   0000000000000000 0000000000000000
0x00000000028aeb60:   0000000000000000 0000000000000000
0x00000000028aeb70:   0000000000000000 0000000000000000
0x00000000028aeb80:   00000000028aedf8 0000000000000000
0x00000000028aeb90:   00000000028aee10 00000000028aee08 

Instructions: (pc=0x0000000055fcfb63)
0x0000000055fcfb43:   00 00 48 8b 17 74 15 8b 52 08 8b 0d e5 7c 66 00
0x0000000055fcfb53:   48 d3 e2 48 03 15 d3 7c 66 00 eb 04 48 8b 52 08
0x0000000055fcfb63:   48 8b 52 68 48 8b ce e8 61 7e 0d 00 48 83 7c 24
0x0000000055fcfb73:   28 00 48 8b f0 74 0a 48 8d 4c 24 20 e8 9c e5 13 


Register to memory mapping:

RAX=0x0000000000000000 is an unknown value
RBX=0x00000000028b5800 is a thread
RCX=0x0000000000000003 is an unknown value
RDX=0x00000002b06ab280 is an unknown value
RSP=0x00000000028aeaa0 is pointing into the stack for thread: 0x00000000028b5800
RBP=0x00000000028aebf0 is pointing into the stack for thread: 0x00000000028b5800
RSI=0x00000000028b59f8 is an unknown value
RDI=0x00000000028b5800 is a thread
R8 =0xffff8003ba172ef0 is an unknown value
R9 =0x00007ffc45e8d13f is an unknown value
R10=0x000000000000002f is an unknown value
R11=0x000000000000002f is an unknown value
R12=0x00000000028aee30 is pointing into the stack for thread: 0x00000000028b5800
R13=0x0000000000000000 is an unknown value
R14=0x00000000028aee28 is pointing into the stack for thread: 0x00000000028b5800
R15=0x0000000000000000 is an unknown value


Stack: [0x00000000027b0000,0x00000000028b0000],  sp=0x00000000028aeaa0,  free space=1018k
Native frames: (J=compiled Java code, j=interpreted, Vv=VM code, C=native code)
V  [jvm.dll+0x13fb63]
C  [sqljdbc_auth.dll+0x6777]
C  0x00000000029c86c7

Java frames: (J=compiled Java code, j=interpreted, Vv=VM code)
j  com.microsoft.sqlserver.jdbc.AuthenticationJNI.SNISecGenClientContext([B[I[BI[B[I[ZLjava/lang/String;Ljava/lang/String;Ljava/lang/String;Ljava/util/logging/Logger;)I+0
j  com.microsoft.sqlserver.jdbc.AuthenticationJNI.GenerateClientContext([BI[B[I[Z)I+24
j  com.microsoft.sqlserver.jdbc.SQLServerConnection.SSPIData([B[B[I[ZLcom/microsoft/sqlserver/jdbc/AuthenticationJNI;)V+13
j  com.microsoft.sqlserver.jdbc.SQLServerConnection.sendLogon(Lcom/microsoft/sqlserver/jdbc/SQLServerConnection$LogonCommand;Lcom/microsoft/sqlserver/jdbc/AuthenticationJNI;)V+151
j  com.microsoft.sqlserver.jdbc.SQLServerConnection.logon(Lcom/microsoft/sqlserver/jdbc/SQLServerConnection$LogonCommand;)V+20
j  com.microsoft.sqlserver.jdbc.SQLServerConnection.access$000(Lcom/microsoft/sqlserver/jdbc/SQLServerConnection;Lcom/microsoft/sqlserver/jdbc/SQLServerConnection$LogonCommand;)V+2
j  com.microsoft.sqlserver.jdbc.SQLServerConnection$LogonCommand.doExecute()Z+5
j  com.microsoft.sqlserver.jdbc.TDSCommand.execute(Lcom/microsoft/sqlserver/jdbc/TDSWriter;Lcom/microsoft/sqlserver/jdbc/TDSReader;)Z+30
j  com.microsoft.sqlserver.jdbc.SQLServerConnection.executeCommand(Lcom/microsoft/sqlserver/jdbc/TDSCommand;)Z+45
j  com.microsoft.sqlserver.jdbc.SQLServerConnection.connectHelper(Lcom/microsoft/sqlserver/jdbc/ServerPortPlaceHolder;II)V+284
j  com.microsoft.sqlserver.jdbc.SQLServerConnection.login(Ljava/lang/String;Ljava/lang/String;ILjava/lang/String;Lcom/microsoft/sqlserver/jdbc/FailoverInfo;IJ)V+399
j  com.microsoft.sqlserver.jdbc.SQLServerConnection.connect(Ljava/util/Properties;Lcom/microsoft/sqlserver/jdbc/SQLServerPooledConnection;)Ljava/sql/Connection;+1736
j  com.microsoft.sqlserver.jdbc.SQLServerDriver.connect(Ljava/lang/String;Ljava/util/Properties;)Ljava/sql/Connection;+45
j  java.sql.DriverManager.getConnection(Ljava/lang/String;Ljava/util/Properties;Ljava/lang/Class;)Ljava/sql/Connection;+171
j  java.sql.DriverManager.getConnection(Ljava/lang/String;)Ljava/sql/Connection;+13
j  utils.DBUtils.main([Ljava/lang/String;)V+10
v  ~StubRoutines::call_stub

---------------  P R O C E S S  ---------------

Java Threads: ( => current thread )
  0x0000000016868800 JavaThread "Service Thread" daemon [_thread_blocked, id=18764, stack(0x0000000016c30000,0x0000000016d30000)]
  0x0000000014f09000 JavaThread "C1 CompilerThread2" daemon [_thread_blocked, id=4088, stack(0x0000000016730000,0x0000000016830000)]
  0x0000000014ef9800 JavaThread "C2 CompilerThread1" daemon [_thread_blocked, id=11980, stack(0x0000000016630000,0x0000000016730000)]
  0x0000000014ef7800 JavaThread "C2 CompilerThread0" daemon [_thread_blocked, id=14208, stack(0x0000000016530000,0x0000000016630000)]
  0x0000000014ef6000 JavaThread "Attach Listener" daemon [_thread_blocked, id=8628, stack(0x0000000016430000,0x0000000016530000)]
  0x0000000014ef4800 JavaThread "Signal Dispatcher" daemon [_thread_blocked, id=9672, stack(0x0000000016330000,0x0000000016430000)]
  0x0000000014edc800 JavaThread "Finalizer" daemon [_thread_blocked, id=9452, stack(0x0000000016140000,0x0000000016240000)]
  0x00000000029a6000 JavaThread "Reference Handler" daemon [_thread_blocked, id=19200, stack(0x0000000016040000,0x0000000016140000)]
=>0x00000000028b5800 JavaThread "main" [_thread_in_vm, id=9780, stack(0x00000000027b0000,0x00000000028b0000)]

Other Threads:
  0x0000000014eb8800 VMThread [stack: 0x0000000015f40000,0x0000000016040000] [id=13504]
  0x0000000016886000 WatcherThread [stack: 0x0000000016d30000,0x0000000016e30000] [id=4332]

VM state:synchronizing (normal execution)

VM Mutex/Monitor currently owned by a thread:  ([mutex/lock_event])
[0x00000000028b2d50] Threads_lock - owner thread: 0x0000000014eb8800

Heap:
 PSYoungGen      total 18432K, used 12114K [0x00000000eb900000, 0x00000000ecd80000, 0x0000000100000000)
  eden space 15872K, 60% used [0x00000000eb900000,0x00000000ec2589b0,0x00000000ec880000)
  from space 2560K, 99% used [0x00000000ec880000,0x00000000ecafc020,0x00000000ecb00000)
  to   space 2560K, 0% used [0x00000000ecb00000,0x00000000ecb00000,0x00000000ecd80000)
 ParOldGen       total 42496K, used 1355K [0x00000000c2a00000, 0x00000000c5380000, 0x00000000eb900000)
  object space 42496K, 3% used [0x00000000c2a00000,0x00000000c2b52cf8,0x00000000c5380000)
 Metaspace       used 8619K, capacity 8882K, committed 9088K, reserved 1056768K
  class space    used 934K, capacity 1033K, committed 1152K, reserved 1048576K

Card table byte_map: [0x0000000011d70000,0x0000000011f60000] byte_map_base: 0x000000001175b000

Marking Bits: (ParMarkBitMap*) 0x00000000566b3c10
 Begin Bits: [0x00000000124b0000, 0x0000000013408000)
 End Bits:   [0x0000000013408000, 0x0000000014360000)

Polling page: 0x0000000000c60000

CodeCache: size=245760Kb used=3625Kb max_used=3630Kb free=242134Kb
 bounds [0x00000000029b0000, 0x0000000002d40000, 0x00000000119b0000]
 total_blobs=1377 nmethods=1033 adapters=258
 compilation: enabled

Compilation events (10 events):
Event: 2.792 Thread 0x0000000014f09000 1030       3       java.util.regex.Pattern::next (33 bytes)
Event: 2.792 Thread 0x0000000014f09000 nmethod 1030 0x0000000002d3c6d0 code [0x0000000002d3c840, 0x0000000002d3cb08]
Event: 2.792 Thread 0x0000000014f09000 1029       3       java.util.regex.Pattern::peek (26 bytes)
Event: 2.793 Thread 0x0000000014f09000 nmethod 1029 0x0000000002d3c190 code [0x0000000002d3c300, 0x0000000002d3c5a8]
Event: 2.793 Thread 0x0000000014f09000 1031   !   3       java.security.cert.Certificate::equals (38 bytes)
Event: 2.794 Thread 0x0000000014f09000 nmethod 1031 0x0000000002d3ac10 code [0x0000000002d3ae40, 0x0000000002d3bb68]
Event: 2.795 Thread 0x0000000014f09000 1032       1       java.security.CodeSource::getLocation (5 bytes)
Event: 2.795 Thread 0x0000000014f09000 nmethod 1032 0x0000000002d3a950 code [0x0000000002d3aaa0, 0x0000000002d3abb0]
Event: 2.806 Thread 0x0000000014f09000 1033       3       com.sun.crypto.provider.AESCrypt::mul4 (181 bytes)
Event: 2.806 Thread 0x0000000014f09000 nmethod 1033 0x0000000002d39490 code [0x0000000002d396a0, 0x0000000002d3a0d0]

GC Heap History (2 events):
Event: 2.179 GC heap before
{Heap before GC invocations=1 (full 0):
 PSYoungGen      total 18432K, used 15872K [0x00000000eb900000, 0x00000000ecd80000, 0x0000000100000000)
  eden space 15872K, 100% used [0x00000000eb900000,0x00000000ec880000,0x00000000ec880000)
  from space 2560K, 0% used [0x00000000ecb00000,0x00000000ecb00000,0x00000000ecd80000)
  to   space 2560K, 0% used [0x00000000ec880000,0x00000000ec880000,0x00000000ecb00000)
 ParOldGen       total 42496K, used 0K [0x00000000c2a00000, 0x00000000c5380000, 0x00000000eb900000)
  object space 42496K, 0% used [0x00000000c2a00000,0x00000000c2a00000,0x00000000c5380000)
 Metaspace       used 7542K, capacity 7718K, committed 7936K, reserved 1056768K
  class space    used 828K, capacity 903K, committed 1024K, reserved 1048576K
Event: 2.186 GC heap after
Heap after GC invocations=1 (full 0):
 PSYoungGen      total 18432K, used 2544K [0x00000000eb900000, 0x00000000ecd80000, 0x0000000100000000)
  eden space 15872K, 0% used [0x00000000eb900000,0x00000000eb900000,0x00000000ec880000)
  from space 2560K, 99% used [0x00000000ec880000,0x00000000ecafc020,0x00000000ecb00000)
  to   space 2560K, 0% used [0x00000000ecb00000,0x00000000ecb00000,0x00000000ecd80000)
 ParOldGen       total 42496K, used 1355K [0x00000000c2a00000, 0x00000000c5380000, 0x00000000eb900000)
  object space 42496K, 3% used [0x00000000c2a00000,0x00000000c2b52cf8,0x00000000c5380000)
 Metaspace       used 7542K, capacity 7718K, committed 7936K, reserved 1056768K
  class space    used 828K, capacity 903K, committed 1024K, reserved 1048576K
}

Deoptimization events (9 events):
Event: 0.249 Thread 0x00000000028b5800 Uncommon trap: reason=unstable_if action=reinterpret pc=0x0000000002abcfe0 method=java.lang.String.hashCode()I @ 14
Event: 1.291 Thread 0x00000000028b5800 Uncommon trap: reason=unstable_if action=reinterpret pc=0x0000000002b8dbb4 method=java.util.HashMap.putVal(ILjava/lang/Object;Ljava/lang/Object;ZZ)Ljava/lang/Object; @ 181
Event: 1.412 Thread 0x00000000028b5800 Uncommon trap: reason=class_check action=maybe_recompile pc=0x0000000002bd07b0 method=java.util.HashMap.putVal(ILjava/lang/Object;Ljava/lang/Object;ZZ)Ljava/lang/Object; @ 253
Event: 1.412 Thread 0x00000000028b5800 Uncommon trap: reason=class_check action=maybe_recompile pc=0x0000000002bd07b0 method=java.util.HashMap.putVal(ILjava/lang/Object;Ljava/lang/Object;ZZ)Ljava/lang/Object; @ 253
Event: 1.412 Thread 0x00000000028b5800 Uncommon trap: reason=class_check action=maybe_recompile pc=0x0000000002bd07b0 method=java.util.HashMap.putVal(ILjava/lang/Object;Ljava/lang/Object;ZZ)Ljava/lang/Object; @ 253
Event: 1.412 Thread 0x00000000028b5800 Uncommon trap: reason=class_check action=maybe_recompile pc=0x0000000002bd07b0 method=java.util.HashMap.putVal(ILjava/lang/Object;Ljava/lang/Object;ZZ)Ljava/lang/Object; @ 253
Event: 1.703 Thread 0x00000000028b5800 Uncommon trap: reason=class_check action=maybe_recompile pc=0x0000000002bdd95c method=java.util.regex.Pattern$BmpCharProperty.match(Ljava/util/regex/Matcher;ILjava/lang/CharSequence;)Z @ 31
Event: 1.703 Thread 0x00000000028b5800 Uncommon trap: reason=unstable_if action=reinterpret pc=0x0000000002bdd8f8 method=java.util.regex.Pattern$BmpCharProperty.match(Ljava/util/regex/Matcher;ILjava/lang/CharSequence;)Z @ 5
Event: 1.729 Thread 0x00000000028b5800 Uncommon trap: reason=unstable_if action=reinterpret pc=0x0000000002b98394 method=java.math.BigInteger.addOne([IIII)I @ 55

Classes redefined (0 events):
No events

Internal exceptions (10 events):
Event: 0.441 Thread 0x00000000028b5800 Exception <a 'java/security/PrivilegedActionException'> (0x00000000ebd97938) thrown at [C:\re\workspace\8-2-build-windows-amd64-cygwin\jdk8u172\10810\hotspot\src\share\vm\prims\jvm.cpp, line 1435]
Event: 0.441 Thread 0x00000000028b5800 Exception <a 'java/security/PrivilegedActionException'> (0x00000000ebd97b48) thrown at [C:\re\workspace\8-2-build-windows-amd64-cygwin\jdk8u172\10810\hotspot\src\share\vm\prims\jvm.cpp, line 1435]
Event: 0.441 Thread 0x00000000028b5800 Exception <a 'java/security/PrivilegedActionException'> (0x00000000ebd999c8) thrown at [C:\re\workspace\8-2-build-windows-amd64-cygwin\jdk8u172\10810\hotspot\src\share\vm\prims\jvm.cpp, line 1435]
Event: 0.441 Thread 0x00000000028b5800 Exception <a 'java/security/PrivilegedActionException'> (0x00000000ebd99bd8) thrown at [C:\re\workspace\8-2-build-windows-amd64-cygwin\jdk8u172\10810\hotspot\src\share\vm\prims\jvm.cpp, line 1435]
Event: 0.441 Thread 0x00000000028b5800 Exception <a 'java/security/PrivilegedActionException'> (0x00000000ebd9bae8) thrown at [C:\re\workspace\8-2-build-windows-amd64-cygwin\jdk8u172\10810\hotspot\src\share\vm\prims\jvm.cpp, line 1435]
Event: 0.441 Thread 0x00000000028b5800 Exception <a 'java/security/PrivilegedActionException'> (0x00000000ebd9bcf8) thrown at [C:\re\workspace\8-2-build-windows-amd64-cygwin\jdk8u172\10810\hotspot\src\share\vm\prims\jvm.cpp, line 1435]
Event: 0.441 Thread 0x00000000028b5800 Exception <a 'java/security/PrivilegedActionException'> (0x00000000ebd9da40) thrown at [C:\re\workspace\8-2-build-windows-amd64-cygwin\jdk8u172\10810\hotspot\src\share\vm\prims\jvm.cpp, line 1435]
Event: 0.441 Thread 0x00000000028b5800 Exception <a 'java/security/PrivilegedActionException'> (0x00000000ebd9dc50) thrown at [C:\re\workspace\8-2-build-windows-amd64-cygwin\jdk8u172\10810\hotspot\src\share\vm\prims\jvm.cpp, line 1435]
Event: 2.041 Thread 0x00000000028b5800 Exception <a 'java/lang/NoSuchFieldError': method resolution failed> (0x00000000ec52c0b0) thrown at [C:\re\workspace\8-2-build-windows-amd64-cygwin\jdk8u172\10810\hotspot\src\share\vm\prims\methodHandles.cpp, line 1167]
Event: 2.044 Thread 0x00000000028b5800 Exception <a 'java/lang/NoSuchFieldError': method resolution failed> (0x00000000ec539820) thrown at [C:\re\workspace\8-2-build-windows-amd64-cygwin\jdk8u172\10810\hotspot\src\share\vm\prims\methodHandles.cpp, line 1167]

Events (10 events):
Event: 2.811 loading class com/sun/crypto/provider/HmacCore
Event: 2.811 loading class com/sun/crypto/provider/HmacCore done
Event: 2.812 loading class javax/crypto/MacSpi
Event: 2.812 loading class javax/crypto/MacSpi done
Event: 2.815 loading class sun/security/ssl/CipherBox$1
Event: 2.815 loading class sun/security/ssl/CipherBox$1 done
Event: 2.815 loading class java/lang/StrictMath
Event: 2.823 loading class java/lang/StrictMath done
Event: 2.824 loading class com/microsoft/sqlserver/jdbc/AuthenticationJNI
Event: 2.824 loading class com/microsoft/sqlserver/jdbc/AuthenticationJNI done


Dynamic libraries:
0x00007ff6b9000000 - 0x00007ff6b9037000 	C:\Program Files\Java\jre1.8.0_172\bin\javaw.exe
0x00007ffc58ce0000 - 0x00007ffc58ec1000 	C:\WINDOWS\SYSTEM32\ntdll.dll
0x00007ffc58820000 - 0x00007ffc588d2000 	C:\WINDOWS\System32\KERNEL32.DLL
0x00007ffc55ad0000 - 0x00007ffc55d43000 	C:\WINDOWS\System32\KERNELBASE.dll
0x00007ffc58230000 - 0x00007ffc582d1000 	C:\WINDOWS\System32\ADVAPI32.dll
0x00007ffc56720000 - 0x00007ffc567be000 	C:\WINDOWS\System32\msvcrt.dll
0x00007ffc56890000 - 0x00007ffc568eb000 	C:\WINDOWS\System32\sechost.dll
0x00007ffc58b80000 - 0x00007ffc58ca4000 	C:\WINDOWS\System32\RPCRT4.dll
0x00007ffc56590000 - 0x00007ffc56720000 	C:\WINDOWS\System32\USER32.dll
0x00007ffc550b0000 - 0x00007ffc550d0000 	C:\WINDOWS\System32\win32u.dll
0x00007ffc564a0000 - 0x00007ffc564c8000 	C:\WINDOWS\System32\GDI32.dll
0x00007ffc55e50000 - 0x00007ffc55fe2000 	C:\WINDOWS\System32\gdi32full.dll
0x00007ffc550d0000 - 0x00007ffc5516f000 	C:\WINDOWS\System32\msvcp_win.dll
0x00007ffc55d50000 - 0x00007ffc55e4a000 	C:\WINDOWS\System32\ucrtbase.dll
0x00007ffc3c3b0000 - 0x00007ffc3c619000 	C:\WINDOWS\WinSxS\amd64_microsoft.windows.common-controls_6595b64144ccf1df_6.0.17134.165_none_fb429645306569ac\COMCTL32.dll
0x00007ffc56170000 - 0x00007ffc56493000 	C:\WINDOWS\System32\combase.dll
0x00007ffc560a0000 - 0x00007ffc5611a000 	C:\WINDOWS\System32\bcryptPrimitives.dll
0x00007ffc58ae0000 - 0x00007ffc58b0d000 	C:\WINDOWS\System32\IMM32.DLL
0x0000000055c10000 - 0x0000000055ce2000 	C:\Program Files\Java\jre1.8.0_172\bin\msvcr100.dll
0x0000000055e90000 - 0x0000000056733000 	C:\Program Files\Java\jre1.8.0_172\bin\server\jvm.dll
0x00007ffc57f30000 - 0x00007ffc57f38000 	C:\WINDOWS\System32\PSAPI.DLL
0x00007ffc44000000 - 0x00007ffc44009000 	C:\WINDOWS\SYSTEM32\WSOCK32.dll
0x00007ffc450d0000 - 0x00007ffc450f3000 	C:\WINDOWS\SYSTEM32\WINMM.dll
0x00007ffc4c280000 - 0x00007ffc4c28a000 	C:\WINDOWS\SYSTEM32\VERSION.dll
0x00007ffc58b10000 - 0x00007ffc58b7c000 	C:\WINDOWS\System32\WS2_32.dll
0x00007ffc44fc0000 - 0x00007ffc44fea000 	C:\WINDOWS\SYSTEM32\winmmbase.dll
0x00007ffc56120000 - 0x00007ffc56169000 	C:\WINDOWS\System32\cfgmgr32.dll
0x00000000591d0000 - 0x00000000591df000 	C:\Program Files\Java\jre1.8.0_172\bin\verify.dll
0x00000000591a0000 - 0x00000000591c9000 	C:\Program Files\Java\jre1.8.0_172\bin\java.dll
0x0000000059180000 - 0x0000000059196000 	C:\Program Files\Java\jre1.8.0_172\bin\zip.dll
0x00007ffc568f0000 - 0x00007ffc57d30000 	C:\WINDOWS\System32\SHELL32.dll
0x00007ffc57fd0000 - 0x00007ffc58079000 	C:\WINDOWS\System32\shcore.dll
0x00007ffc55170000 - 0x00007ffc5587d000 	C:\WINDOWS\System32\windows.storage.dll
0x00007ffc564d0000 - 0x00007ffc56521000 	C:\WINDOWS\System32\shlwapi.dll
0x00007ffc55090000 - 0x00007ffc550a1000 	C:\WINDOWS\System32\kernel.appcore.dll
0x00007ffc55050000 - 0x00007ffc5506f000 	C:\WINDOWS\System32\profapi.dll
0x00007ffc54ff0000 - 0x00007ffc5503c000 	C:\WINDOWS\System32\powrprof.dll
0x00007ffc55040000 - 0x00007ffc5504a000 	C:\WINDOWS\System32\FLTLIB.DLL
0x0000000059160000 - 0x000000005917a000 	C:\Program Files\Java\jre1.8.0_172\bin\net.dll
0x00007ffc54810000 - 0x00007ffc54876000 	C:\WINDOWS\system32\mswsock.dll
0x00007ffc545d0000 - 0x00007ffc5468e000 	C:\WINDOWS\SYSTEM32\DNSAPI.dll
0x00007ffc58080000 - 0x00007ffc58088000 	C:\WINDOWS\System32\NSI.dll
0x00007ffc54590000 - 0x00007ffc545c8000 	C:\WINDOWS\SYSTEM32\IPHLPAPI.DLL
0x00007ffc45900000 - 0x00007ffc4590a000 	C:\Windows\System32\rasadhlp.dll
0x00007ffc45ab0000 - 0x00007ffc45b22000 	C:\WINDOWS\System32\fwpuclnt.dll
0x00007ffc54af0000 - 0x00007ffc54b15000 	C:\WINDOWS\SYSTEM32\bcrypt.dll
0x0000000058450000 - 0x0000000058474000 	C:\Program Files\Java\jre1.8.0_172\bin\sunec.dll
0x00007ffc49070000 - 0x00007ffc49086000 	C:\WINDOWS\SYSTEM32\dhcpcsvc6.DLL
0x00007ffc497c0000 - 0x00007ffc497da000 	C:\WINDOWS\SYSTEM32\dhcpcsvc.DLL
0x0000000059140000 - 0x0000000059151000 	C:\Program Files\Java\jre1.8.0_172\bin\nio.dll
0x00007ffc549c0000 - 0x00007ffc549d7000 	C:\WINDOWS\SYSTEM32\CRYPTSP.dll
0x00007ffc543f0000 - 0x00007ffc54423000 	C:\WINDOWS\system32\rsaenh.dll
0x00007ffc54ef0000 - 0x00007ffc54f18000 	C:\WINDOWS\SYSTEM32\USERENV.dll
0x00007ffc549e0000 - 0x00007ffc549eb000 	C:\WINDOWS\SYSTEM32\CRYPTBASE.dll
0x0000000059130000 - 0x000000005913b000 	C:\Program Files\Java\jre1.8.0_172\bin\sunmscapi.dll
0x00007ffc558e0000 - 0x00007ffc55ac2000 	C:\WINDOWS\System32\CRYPT32.dll
0x00007ffc55070000 - 0x00007ffc55082000 	C:\WINDOWS\System32\MSASN1.dll
0x00007ffc45e60000 - 0x00007ffc45eab000 	C:\Program Files\Java\jre1.8.0_172\bin\sqljdbc_auth.dll
0x00007ffc58980000 - 0x00007ffc58ad1000 	C:\WINDOWS\System32\ole32.dll
0x00007ffc435c0000 - 0x00007ffc435cc000 	C:\WINDOWS\system32\secur32.dll
0x00007ffc54f20000 - 0x00007ffc54f50000 	C:\WINDOWS\SYSTEM32\SSPICLI.DLL
0x00007ffc548d0000 - 0x00007ffc549b8000 	C:\WINDOWS\system32\kerberos.DLL
0x00007ffc54790000 - 0x00007ffc54801000 	C:\WINDOWS\system32\msv1_0.DLL
0x00007ffc54780000 - 0x00007ffc5478d000 	C:\WINDOWS\SYSTEM32\NtlmShared.dll
0x00007ffc54880000 - 0x00007ffc54894000 	C:\WINDOWS\SYSTEM32\cryptdll.dll
0x00007ffc470c0000 - 0x00007ffc470e8000 	C:\WINDOWS\system32\ntdsapi.dll
0x00007ffc42e40000 - 0x00007ffc42e56000 	C:\WINDOWS\system32\napinsp.dll
0x00007ffc42920000 - 0x00007ffc4293a000 	C:\WINDOWS\system32\pnrpnsp.dll
0x00007ffc4a1e0000 - 0x00007ffc4a1f9000 	C:\WINDOWS\system32\NLAapi.dll
0x00007ffc42510000 - 0x00007ffc4251e000 	C:\WINDOWS\System32\winrnr.dll
0x00007ffc481a0000 - 0x00007ffc481b5000 	C:\WINDOWS\System32\wshbth.dll
0x00007ffc53a90000 - 0x00007ffc53c59000 	C:\WINDOWS\SYSTEM32\dbghelp.dll

VM Arguments:
jvm_args: -Dfile.encoding=UTF-8 
java_command: utils.DBUtils
java_class_path (initial): C:\Automation\custom-testng-reporter-master\target\classes;C:\Personal\Automation\eclipse-jee-luna-R-win32-x86_64\eclipse\plugins\org.testng_6.14.2.r201802161450.jar;C:\Personal\Automation\eclipse-jee-luna-R-win32-x86_64\eclipse\plugins\com.beust.jcommander_1.72.0.jar;C:\Personal\Automation\eclipse-jee-luna-R-win32-x86_64\eclipse\plugins\org.apache-extras.beanshell.bsh_2.0.0.b6.jar;C:\Personal\Automation\eclipse-jee-luna-R-win32-x86_64\eclipse\plugins\org.yaml.snakeyaml_1.17.0.jar;C:\Automation\custom-testng-reporter-master\src\driver\sqljdbc4.jar;C:\Users\Nupur Saha\.m2\repository\org\seleniumhq\selenium\selenium-java\2.44.0\selenium-java-2.44.0.jar;C:\Users\Nupur Saha\.m2\repository\org\seleniumhq\selenium\selenium-chrome-driver\2.44.0\selenium-chrome-driver-2.44.0.jar;C:\Users\Nupur Saha\.m2\repository\org\seleniumhq\selenium\selenium-remote-driver\2.44.0\selenium-remote-driver-2.44.0.jar;C:\Users\Nupur Saha\.m2\repository\cglib\cglib-nodep\2.1_3\cglib-nodep-2.1_3.jar;C:\Users\Nupur Saha\.m2\repository\org\seleniumhq\selenium\selenium-api\2.44.0\selenium-api-2.44.0.jar;C:\Users\Nupur Saha\.m2\repository\org\seleniumhq\selenium\selenium-htmlunit-driver\2.44.0\selenium-htmlunit-driver-2.44.0.jar;C:\Users\Nupur Saha\.m2\repository\net\sourceforge\htmlunit\htmlunit\2.15\htmlunit-2.15.jar;C:\Users\Nupur Saha\.m2\repository\xalan\xalan\2.7.1\xalan-2.7.1.jar;C:\Users\Nupur Saha\.m2\repository\xalan\serializer\2.7.1\serializer-2.7.1.jar;C:\Users\Nupur Saha\.m2\repository\org\apache\httpcomponents\httpmime\4.3.3\httpmime-4.3.3.jar;C:\Users\Nupur Saha\.m2\repository\net\sourceforge\htmlunit\htmlunit-core-js\2.15\htmlunit-core-js-2.15.jar;C:\Users\Nupur Saha\.m2\repository\xerces\xercesImpl\2.11.0\xercesImpl-2.11.0.jar;C:\Users\Nupur Saha\.m2\repository\net\sourceforge\nekohtml\nekohtml\1.9.21\nekohtml-1.9.21.jar;C:\Users\Nupur Saha\.m2\repository\net\sourceforge\cssparser\cssparser\0.9.14\cssparser-0.9.14.jar;C:\Users\Nupur Saha\.m2\repository\
Launcher Type: SUN_STANDARD

Environment Variables:
PATH=C:/Program Files/Java/jre1.8.0_172/bin/server;C:/Program Files/Java/jre1.8.0_172/bin;C:/Program Files/Java/jre1.8.0_172/lib/amd64;C:\Program Files (x86)\Common Files\Oracle\Java\javapath;C:\Program Files (x86)\Intel\TXE Components\iCLS\;C:\Program Files\Intel\TXE Components\iCLS\;C:\WINDOWS\system32;C:\WINDOWS;C:\WINDOWS\System32\Wbem;C:\WINDOWS\System32\WindowsPowerShell\v1.0\;C:\Program Files\Intel\TXE Components\DAL\;C:\Program Files (x86)\Intel\TXE Components\DAL\;C:\Program Files\Intel\TXE Components\IPT\;C:\Program Files (x86)\Intel\TXE Components\IPT\;C:\Program Files\Intel\WiFi\bin\;C:\Program Files\Common Files\Intel\WirelessCommon\;C:\Program Files (x86)\Microsoft SQL Server\Client SDK\ODBC\130\Tools\Binn\;C:\Program Files (x86)\Microsoft SQL Server\140\Tools\Binn\;C:\Program Files (x86)\Microsoft SQL Server\140\DTS\Binn\;C:\Program Files (x86)\Microsoft SQL Server\140\Tools\Binn\ManagementStudio\;C:\WINDOWS\System32\OpenSSH\;C:\Program Files\Microsoft SQL Server\Client SDK\ODBC\110\Tools\Binn\;C:\Program Files (x86)\Microsoft SQL Server\120\Tools\Binn\;C:\Program Files\Microsoft SQL Server\120\Tools\Binn\;C:\Program Files\Microsoft SQL Server\120\DTS\Binn\;C:\Program Files (x86)\Microsoft SQL Server\120\Tools\Binn\ManagementStudio\;C:\Program Files (x86)\Microsoft SQL Server\120\DTS\Binn\;C:\Program Files\Git\cmd;C:\Users\Nupur Saha\AppData\Local\Microsoft\WindowsApps;;C:\Personal\Automation\eclipse-jee-luna-R-win32-x86_64\eclipse;
USERNAME=Nupur Saha
OS=Windows_NT
PROCESSOR_IDENTIFIER=Intel64 Family 6 Model 122 Stepping 1, GenuineIntel



---------------  S Y S T E M  ---------------

OS: Windows 10.0 , 64 bit Build 17134 (10.0.17134.1)

CPU:total 4 (initial active 4) (4 cores per cpu, 1 threads per core) family 6 model 122 stepping 1, cmov, cx8, fxsr, mmx, sse, sse2, sse3, ssse3, sse4.1, sse4.2, popcnt, aes, clmul, erms, 3dnowpref, tsc, tscinvbit

Memory: 4k page, physical 4021836k(590760k free), swap 6896864k(2383688k free)

vm_info: Java HotSpot(TM) 64-Bit Server VM (25.172-b11) for windows-amd64 JRE (1.8.0_172-b11), built on Mar 28 2018 21:21:52 by "java_re" with MS VC++ 10.0 (VS2010)

time: Wed Jul 25 00:37:10 2018
elapsed time: 3 seconds (0d 0h 0m 3s)

