#
# A fatal error has been detected by the Java Runtime Environment:
#
#  EXCEPTION_ACCESS_VIOLATION (0xc0000005) at pc=0x0000000055fcfb63, pid=9644, tid=0x00000000000041bc
#
# JRE version: Java(TM) SE Runtime Environment (8.0_172-b11) (build 1.8.0_172-b11)
# Java VM: Java HotSpot(TM) 64-Bit Server VM (25.172-b11 mixed mode windows-amd64 compressed oops)
# Problematic frame:
# V  [jvm.dll+0x13fb63]
#
# Failed to write core dump. Minidumps are not enabled by default on client versions of Windows
#
# If you would like to submit a bug report, please visit:
#   http://bugreport.java.com/bugreport/crash.jsp
#

---------------  T H R E A D  ---------------

Current thread (0x0000000002c95800):  JavaThread "main" [_thread_in_vm, id=16828, stack(0x0000000002b90000,0x0000000002c90000)]

siginfo: ExceptionCode=0xc0000005, reading address 0x00000002b06ab2e8

Registers:
RAX=0x0000000000000000, RBX=0x0000000002c95800, RCX=0x0000000000000003, RDX=0x00000002b06ab280
RSP=0x0000000002c8e7d0, RBP=0x0000000002c8e920, RSI=0x0000000002c959f8, RDI=0x0000000002c95800
R8 =0xffff8003b3df2ef0, R9 =0x00007ffc4c20d13f, R10=0x000000000000002f, R11=0x000000000000002f
R12=0x0000000002c8eb60, R13=0x0000000000000000, R14=0x0000000002c8eb58, R15=0x0000000000000000
RIP=0x0000000055fcfb63, EFLAGS=0x0000000000010202

Top of Stack: (sp=0x0000000002c8e7d0)
0x0000000002c8e7d0:   00007ffc4c20d110 0000000002c95800
0x0000000002c8e7e0:   0000000002c8e920 0000000000000000
0x0000000002c8e7f0:   0000000002c95800 0000000000000000
0x0000000002c8e800:   0000000000000000 0000000000000000
0x0000000002c8e810:   0000000015298290 00007ffc4c1e6777
0x0000000002c8e820:   0000000002c959f8 0000000002c8e920
0x0000000002c8e830:   0000000002c95800 0000000002df1397
0x0000000002c8e840:   0000000002df16a0 0000000000000000
0x0000000002c8e850:   0000000000000000 0000000000000000
0x0000000002c8e860:   0000000002df12a0 0000000002010000
0x0000000002c8e870:   0000000002c8e7d0 0000000000000000
0x0000000002c8e880:   0000000000000000 0000000000000000
0x0000000002c8e890:   0000000000000000 0000000000000000
0x0000000002c8e8a0:   0000000000000000 0000000000000000
0x0000000002c8e8b0:   0000000002c8eb28 0000000000000000
0x0000000002c8e8c0:   0000000002c8eb40 0000000002c8eb38 

Instructions: (pc=0x0000000055fcfb63)
0x0000000055fcfb43:   00 00 48 8b 17 74 15 8b 52 08 8b 0d e5 7c 66 00
0x0000000055fcfb53:   48 d3 e2 48 03 15 d3 7c 66 00 eb 04 48 8b 52 08
0x0000000055fcfb63:   48 8b 52 68 48 8b ce e8 61 7e 0d 00 48 83 7c 24
0x0000000055fcfb73:   28 00 48 8b f0 74 0a 48 8d 4c 24 20 e8 9c e5 13 


Register to memory mapping:

RAX=0x0000000000000000 is an unknown value
RBX=0x0000000002c95800 is a thread
RCX=0x0000000000000003 is an unknown value
RDX=0x00000002b06ab280 is an unknown value
RSP=0x0000000002c8e7d0 is pointing into the stack for thread: 0x0000000002c95800
RBP=0x0000000002c8e920 is pointing into the stack for thread: 0x0000000002c95800
RSI=0x0000000002c959f8 is an unknown value
RDI=0x0000000002c95800 is a thread
R8 =0xffff8003b3df2ef0 is an unknown value
R9 =0x00007ffc4c20d13f is an unknown value
R10=0x000000000000002f is an unknown value
R11=0x000000000000002f is an unknown value
R12=0x0000000002c8eb60 is pointing into the stack for thread: 0x0000000002c95800
R13=0x0000000000000000 is an unknown value
R14=0x0000000002c8eb58 is pointing into the stack for thread: 0x0000000002c95800
R15=0x0000000000000000 is an unknown value


Stack: [0x0000000002b90000,0x0000000002c90000],  sp=0x0000000002c8e7d0,  free space=1017k
Native frames: (J=compiled Java code, j=interpreted, Vv=VM code, C=native code)
V  [jvm.dll+0x13fb63]
C  [sqljdbc_auth.dll+0x6777]
C  0x0000000002da86c7

Java frames: (J=compiled Java code, j=interpreted, Vv=VM code)
j  com.microsoft.sqlserver.jdbc.AuthenticationJNI.SNISecGenClientContext([B[I[BI[B[I[ZLjava/lang/String;Ljava/lang/String;Ljava/lang/String;Ljava/util/logging/Logger;)I+0
j  com.microsoft.sqlserver.jdbc.AuthenticationJNI.GenerateClientContext([BI[B[I[Z)I+24
j  com.microsoft.sqlserver.jdbc.SQLServerConnection.SSPIData([B[B[I[ZLcom/microsoft/sqlserver/jdbc/AuthenticationJNI;)V+13
j  com.microsoft.sqlserver.jdbc.SQLServerConnection.sendLogon(Lcom/microsoft/sqlserver/jdbc/SQLServerConnection$LogonCommand;Lcom/microsoft/sqlserver/jdbc/AuthenticationJNI;)V+151
j  com.microsoft.sqlserver.jdbc.SQLServerConnection.logon(Lcom/microsoft/sqlserver/jdbc/SQLServerConnection$LogonCommand;)V+20
j  com.microsoft.sqlserver.jdbc.SQLServerConnection.access$000(Lcom/microsoft/sqlserver/jdbc/SQLServerConnection;Lcom/microsoft/sqlserver/jdbc/SQLServerConnection$LogonCommand;)V+2
j  com.microsoft.sqlserver.jdbc.SQLServerConnection$LogonCommand.doExecute()Z+5
j  com.microsoft.sqlserver.jdbc.TDSCommand.execute(Lcom/microsoft/sqlserver/jdbc/TDSWriter;Lcom/microsoft/sqlserver/jdbc/TDSReader;)Z+30
j  com.microsoft.sqlserver.jdbc.SQLServerConnection.executeCommand(Lcom/microsoft/sqlserver/jdbc/TDSCommand;)Z+45
j  com.microsoft.sqlserver.jdbc.SQLServerConnection.connectHelper(Lcom/microsoft/sqlserver/jdbc/ServerPortPlaceHolder;II)V+284
j  com.microsoft.sqlserver.jdbc.SQLServerConnection.login(Ljava/lang/String;Ljava/lang/String;ILjava/lang/String;Lcom/microsoft/sqlserver/jdbc/FailoverInfo;IJ)V+399
j  com.microsoft.sqlserver.jdbc.SQLServerConnection.connect(Ljava/util/Properties;Lcom/microsoft/sqlserver/jdbc/SQLServerPooledConnection;)Ljava/sql/Connection;+1736
j  com.microsoft.sqlserver.jdbc.SQLServerDriver.connect(Ljava/lang/String;Ljava/util/Properties;)Ljava/sql/Connection;+45
j  java.sql.DriverManager.getConnection(Ljava/lang/String;Ljava/util/Properties;Ljava/lang/Class;)Ljava/sql/Connection;+171
j  java.sql.DriverManager.getConnection(Ljava/lang/String;)Ljava/sql/Connection;+13
j  utils.DBUtils.main([Ljava/lang/String;)V+10
v  ~StubRoutines::call_stub

---------------  P R O C E S S  ---------------

Java Threads: ( => current thread )
  0x000000001532e800 JavaThread "Service Thread" daemon [_thread_blocked, id=16552, stack(0x0000000017020000,0x0000000017120000)]
  0x00000000152e9800 JavaThread "C1 CompilerThread2" daemon [_thread_blocked, id=11364, stack(0x0000000016b20000,0x0000000016c20000)]
  0x00000000152d8800 JavaThread "C2 CompilerThread1" daemon [_thread_blocked, id=7492, stack(0x0000000016a20000,0x0000000016b20000)]
  0x00000000152d6800 JavaThread "C2 CompilerThread0" daemon [_thread_blocked, id=10836, stack(0x0000000016920000,0x0000000016a20000)]
  0x00000000152d5000 JavaThread "Attach Listener" daemon [_thread_blocked, id=15012, stack(0x0000000016820000,0x0000000016920000)]
  0x00000000152d3800 JavaThread "Signal Dispatcher" daemon [_thread_blocked, id=11300, stack(0x0000000016720000,0x0000000016820000)]
  0x00000000152c0000 JavaThread "Finalizer" daemon [_thread_blocked, id=3140, stack(0x0000000016530000,0x0000000016630000)]
  0x0000000002d85000 JavaThread "Reference Handler" daemon [_thread_blocked, id=11404, stack(0x0000000016430000,0x0000000016530000)]
=>0x0000000002c95800 JavaThread "main" [_thread_in_vm, id=16828, stack(0x0000000002b90000,0x0000000002c90000)]

Other Threads:
  0x0000000015297800 VMThread [stack: 0x0000000016330000,0x0000000016430000] [id=13260]
  0x0000000016c7e800 WatcherThread [stack: 0x0000000017120000,0x0000000017220000] [id=18868]

VM state:not at safepoint (normal execution)

VM Mutex/Monitor currently owned by a thread: None

Heap:
 PSYoungGen      total 18432K, used 12007K [0x00000000eb900000, 0x00000000ecd80000, 0x0000000100000000)
  eden space 15872K, 59% used [0x00000000eb900000,0x00000000ec23dd20,0x00000000ec880000)
  from space 2560K, 99% used [0x00000000ec880000,0x00000000ecafc020,0x00000000ecb00000)
  to   space 2560K, 0% used [0x00000000ecb00000,0x00000000ecb00000,0x00000000ecd80000)
 ParOldGen       total 42496K, used 1375K [0x00000000c2a00000, 0x00000000c5380000, 0x00000000eb900000)
  object space 42496K, 3% used [0x00000000c2a00000,0x00000000c2b57e28,0x00000000c5380000)
 Metaspace       used 8613K, capacity 8882K, committed 9088K, reserved 1056768K
  class space    used 934K, capacity 1033K, committed 1152K, reserved 1048576K

Card table byte_map: [0x0000000012150000,0x0000000012340000] byte_map_base: 0x0000000011b3b000

Marking Bits: (ParMarkBitMap*) 0x00000000566b3c10
 Begin Bits: [0x0000000012890000, 0x00000000137e8000)
 End Bits:   [0x00000000137e8000, 0x0000000014740000)

Polling page: 0x0000000000b90000

CodeCache: size=245760Kb used=3620Kb max_used=3643Kb free=242139Kb
 bounds [0x0000000002d90000, 0x0000000003130000, 0x0000000011d90000]
 total_blobs=1375 nmethods=1031 adapters=258
 compilation: enabled

Compilation events (10 events):
Event: 1.412 Thread 0x00000000152e9800 nmethod 1029 0x00000000031120d0 code [0x0000000003112240, 0x0000000003112508]
Event: 1.412 Thread 0x00000000152e9800 1028       3       java.util.regex.Pattern::peek (26 bytes)
Event: 1.413 Thread 0x00000000152e9800 nmethod 1028 0x0000000003111b90 code [0x0000000003111d00, 0x0000000003111fa8]
Event: 1.413 Thread 0x00000000152e9800 1030   !   3       java.security.cert.Certificate::equals (38 bytes)
Event: 1.414 Thread 0x00000000152e9800 nmethod 1030 0x0000000003110610 code [0x0000000003110840, 0x0000000003111568]
Event: 1.416 Thread 0x00000000152e9800 1031       1       java.security.CodeSource::getLocation (5 bytes)
Event: 1.416 Thread 0x00000000152e9800 nmethod 1031 0x0000000003110350 code [0x00000000031104a0, 0x00000000031105b0]
Event: 1.426 Thread 0x00000000152e9800 1032       3       com.sun.crypto.provider.AESCrypt::mul4 (181 bytes)
Event: 1.427 Thread 0x00000000152e9800 nmethod 1032 0x0000000003113b50 code [0x0000000003113d60, 0x0000000003114790]
Event: 1.430 Thread 0x00000000152d8800 nmethod 891 0x0000000003119c90 code [0x000000000311a080, 0x000000000311d4f8]

GC Heap History (2 events):
Event: 1.088 GC heap before
{Heap before GC invocations=1 (full 0):
 PSYoungGen      total 18432K, used 15872K [0x00000000eb900000, 0x00000000ecd80000, 0x0000000100000000)
  eden space 15872K, 100% used [0x00000000eb900000,0x00000000ec880000,0x00000000ec880000)
  from space 2560K, 0% used [0x00000000ecb00000,0x00000000ecb00000,0x00000000ecd80000)
  to   space 2560K, 0% used [0x00000000ec880000,0x00000000ec880000,0x00000000ecb00000)
 ParOldGen       total 42496K, used 0K [0x00000000c2a00000, 0x00000000c5380000, 0x00000000eb900000)
  object space 42496K, 0% used [0x00000000c2a00000,0x00000000c2a00000,0x00000000c5380000)
 Metaspace       used 7529K, capacity 7718K, committed 7936K, reserved 1056768K
  class space    used 828K, capacity 903K, committed 1024K, reserved 1048576K
Event: 1.095 GC heap after
Heap after GC invocations=1 (full 0):
 PSYoungGen      total 18432K, used 2544K [0x00000000eb900000, 0x00000000ecd80000, 0x0000000100000000)
  eden space 15872K, 0% used [0x00000000eb900000,0x00000000eb900000,0x00000000ec880000)
  from space 2560K, 99% used [0x00000000ec880000,0x00000000ecafc020,0x00000000ecb00000)
  to   space 2560K, 0% used [0x00000000ecb00000,0x00000000ecb00000,0x00000000ecd80000)
 ParOldGen       total 42496K, used 1375K [0x00000000c2a00000, 0x00000000c5380000, 0x00000000eb900000)
  object space 42496K, 3% used [0x00000000c2a00000,0x00000000c2b57e28,0x00000000c5380000)
 Metaspace       used 7529K, capacity 7718K, committed 7936K, reserved 1056768K
  class space    used 828K, capacity 903K, committed 1024K, reserved 1048576K
}

Deoptimization events (10 events):
Event: 0.256 Thread 0x0000000002c95800 Uncommon trap: reason=unstable_if action=reinterpret pc=0x0000000002e9c2e0 method=java.lang.String.hashCode()I @ 14
Event: 0.657 Thread 0x0000000002c95800 Uncommon trap: reason=unstable_if action=reinterpret pc=0x0000000002f6dfb4 method=java.util.HashMap.putVal(ILjava/lang/Object;Ljava/lang/Object;ZZ)Ljava/lang/Object; @ 181
Event: 0.671 Thread 0x0000000002c95800 Uncommon trap: reason=class_check action=maybe_recompile pc=0x0000000002fb2274 method=java.util.HashMap.putVal(ILjava/lang/Object;Ljava/lang/Object;ZZ)Ljava/lang/Object; @ 253
Event: 0.671 Thread 0x0000000002c95800 Uncommon trap: reason=class_check action=maybe_recompile pc=0x0000000002fb2274 method=java.util.HashMap.putVal(ILjava/lang/Object;Ljava/lang/Object;ZZ)Ljava/lang/Object; @ 253
Event: 0.671 Thread 0x0000000002c95800 Uncommon trap: reason=class_check action=maybe_recompile pc=0x0000000002fb2274 method=java.util.HashMap.putVal(ILjava/lang/Object;Ljava/lang/Object;ZZ)Ljava/lang/Object; @ 253
Event: 0.671 Thread 0x0000000002c95800 Uncommon trap: reason=class_check action=maybe_recompile pc=0x0000000002fb2274 method=java.util.HashMap.putVal(ILjava/lang/Object;Ljava/lang/Object;ZZ)Ljava/lang/Object; @ 253
Event: 0.876 Thread 0x0000000002c95800 Uncommon trap: reason=class_check action=maybe_recompile pc=0x0000000002fb78e4 method=java.util.regex.Pattern$BmpCharProperty.match(Ljava/util/regex/Matcher;ILjava/lang/CharSequence;)Z @ 31
Event: 0.876 Thread 0x0000000002c95800 Uncommon trap: reason=unstable_if action=reinterpret pc=0x0000000002fb7880 method=java.util.regex.Pattern$BmpCharProperty.match(Ljava/util/regex/Matcher;ILjava/lang/CharSequence;)Z @ 5
Event: 0.883 Thread 0x0000000002c95800 Uncommon trap: reason=unstable_if action=reinterpret pc=0x0000000002f6e854 method=java.math.BigInteger.addOne([IIII)I @ 55
Event: 1.100 Thread 0x0000000002c95800 Uncommon trap: reason=unstable_if action=reinterpret pc=0x0000000002fdef98 method=java.lang.ref.SoftReference.get()Ljava/lang/Object; @ 17

Classes redefined (0 events):
No events

Internal exceptions (10 events):
Event: 0.442 Thread 0x0000000002c95800 Exception <a 'java/security/PrivilegedActionException'> (0x00000000ebd97938) thrown at [C:\re\workspace\8-2-build-windows-amd64-cygwin\jdk8u172\10810\hotspot\src\share\vm\prims\jvm.cpp, line 1435]
Event: 0.442 Thread 0x0000000002c95800 Exception <a 'java/security/PrivilegedActionException'> (0x00000000ebd97b48) thrown at [C:\re\workspace\8-2-build-windows-amd64-cygwin\jdk8u172\10810\hotspot\src\share\vm\prims\jvm.cpp, line 1435]
Event: 0.443 Thread 0x0000000002c95800 Exception <a 'java/security/PrivilegedActionException'> (0x00000000ebd999c8) thrown at [C:\re\workspace\8-2-build-windows-amd64-cygwin\jdk8u172\10810\hotspot\src\share\vm\prims\jvm.cpp, line 1435]
Event: 0.443 Thread 0x0000000002c95800 Exception <a 'java/security/PrivilegedActionException'> (0x00000000ebd99bd8) thrown at [C:\re\workspace\8-2-build-windows-amd64-cygwin\jdk8u172\10810\hotspot\src\share\vm\prims\jvm.cpp, line 1435]
Event: 0.443 Thread 0x0000000002c95800 Exception <a 'java/security/PrivilegedActionException'> (0x00000000ebd9bae8) thrown at [C:\re\workspace\8-2-build-windows-amd64-cygwin\jdk8u172\10810\hotspot\src\share\vm\prims\jvm.cpp, line 1435]
Event: 0.443 Thread 0x0000000002c95800 Exception <a 'java/security/PrivilegedActionException'> (0x00000000ebd9bcf8) thrown at [C:\re\workspace\8-2-build-windows-amd64-cygwin\jdk8u172\10810\hotspot\src\share\vm\prims\jvm.cpp, line 1435]
Event: 0.443 Thread 0x0000000002c95800 Exception <a 'java/security/PrivilegedActionException'> (0x00000000ebd9da40) thrown at [C:\re\workspace\8-2-build-windows-amd64-cygwin\jdk8u172\10810\hotspot\src\share\vm\prims\jvm.cpp, line 1435]
Event: 0.443 Thread 0x0000000002c95800 Exception <a 'java/security/PrivilegedActionException'> (0x00000000ebd9dc50) thrown at [C:\re\workspace\8-2-build-windows-amd64-cygwin\jdk8u172\10810\hotspot\src\share\vm\prims\jvm.cpp, line 1435]
Event: 1.009 Thread 0x0000000002c95800 Exception <a 'java/lang/NoSuchFieldError': method resolution failed> (0x00000000ec52c298) thrown at [C:\re\workspace\8-2-build-windows-amd64-cygwin\jdk8u172\10810\hotspot\src\share\vm\prims\methodHandles.cpp, line 1167]
Event: 1.020 Thread 0x0000000002c95800 Exception <a 'java/lang/NoSuchFieldError': method resolution failed> (0x00000000ec539a08) thrown at [C:\re\workspace\8-2-build-windows-amd64-cygwin\jdk8u172\10810\hotspot\src\share\vm\prims\methodHandles.cpp, line 1167]

Events (10 events):
Event: 1.432 loading class com/sun/crypto/provider/HmacCore
Event: 1.432 loading class com/sun/crypto/provider/HmacCore done
Event: 1.433 loading class javax/crypto/MacSpi
Event: 1.433 loading class javax/crypto/MacSpi done
Event: 1.435 loading class sun/security/ssl/CipherBox$1
Event: 1.435 loading class sun/security/ssl/CipherBox$1 done
Event: 1.435 loading class java/lang/StrictMath
Event: 1.436 loading class java/lang/StrictMath done
Event: 1.437 loading class com/microsoft/sqlserver/jdbc/AuthenticationJNI
Event: 1.437 loading class com/microsoft/sqlserver/jdbc/AuthenticationJNI done


Dynamic libraries:
0x00007ff6b9000000 - 0x00007ff6b9037000 	C:\Program Files\Java\jre1.8.0_172\bin\javaw.exe
0x00007ffc58ce0000 - 0x00007ffc58ec1000 	C:\WINDOWS\SYSTEM32\ntdll.dll
0x00007ffc58820000 - 0x00007ffc588d2000 	C:\WINDOWS\System32\KERNEL32.DLL
0x00007ffc55ad0000 - 0x00007ffc55d43000 	C:\WINDOWS\System32\KERNELBASE.dll
0x00007ffc58230000 - 0x00007ffc582d1000 	C:\WINDOWS\System32\ADVAPI32.dll
0x00007ffc56720000 - 0x00007ffc567be000 	C:\WINDOWS\System32\msvcrt.dll
0x00007ffc56890000 - 0x00007ffc568eb000 	C:\WINDOWS\System32\sechost.dll
0x00007ffc58b80000 - 0x00007ffc58ca4000 	C:\WINDOWS\System32\RPCRT4.dll
0x00007ffc56590000 - 0x00007ffc56720000 	C:\WINDOWS\System32\USER32.dll
0x00007ffc550b0000 - 0x00007ffc550d0000 	C:\WINDOWS\System32\win32u.dll
0x00007ffc564a0000 - 0x00007ffc564c8000 	C:\WINDOWS\System32\GDI32.dll
0x00007ffc55e50000 - 0x00007ffc55fe2000 	C:\WINDOWS\System32\gdi32full.dll
0x00007ffc550d0000 - 0x00007ffc5516f000 	C:\WINDOWS\System32\msvcp_win.dll
0x00007ffc55d50000 - 0x00007ffc55e4a000 	C:\WINDOWS\System32\ucrtbase.dll
0x00007ffc3c3b0000 - 0x00007ffc3c619000 	C:\WINDOWS\WinSxS\amd64_microsoft.windows.common-controls_6595b64144ccf1df_6.0.17134.165_none_fb429645306569ac\COMCTL32.dll
0x00007ffc56170000 - 0x00007ffc56493000 	C:\WINDOWS\System32\combase.dll
0x00007ffc560a0000 - 0x00007ffc5611a000 	C:\WINDOWS\System32\bcryptPrimitives.dll
0x00007ffc58ae0000 - 0x00007ffc58b0d000 	C:\WINDOWS\System32\IMM32.DLL
0x0000000055c10000 - 0x0000000055ce2000 	C:\Program Files\Java\jre1.8.0_172\bin\msvcr100.dll
0x0000000055e90000 - 0x0000000056733000 	C:\Program Files\Java\jre1.8.0_172\bin\server\jvm.dll
0x00007ffc57f30000 - 0x00007ffc57f38000 	C:\WINDOWS\System32\PSAPI.DLL
0x00007ffc44000000 - 0x00007ffc44009000 	C:\WINDOWS\SYSTEM32\WSOCK32.dll
0x00007ffc450d0000 - 0x00007ffc450f3000 	C:\WINDOWS\SYSTEM32\WINMM.dll
0x00007ffc4c280000 - 0x00007ffc4c28a000 	C:\WINDOWS\SYSTEM32\VERSION.dll
0x00007ffc58b10000 - 0x00007ffc58b7c000 	C:\WINDOWS\System32\WS2_32.dll
0x00007ffc44fc0000 - 0x00007ffc44fea000 	C:\WINDOWS\SYSTEM32\WINMMBASE.dll
0x00007ffc56120000 - 0x00007ffc56169000 	C:\WINDOWS\System32\cfgmgr32.dll
0x00000000591d0000 - 0x00000000591df000 	C:\Program Files\Java\jre1.8.0_172\bin\verify.dll
0x00000000591a0000 - 0x00000000591c9000 	C:\Program Files\Java\jre1.8.0_172\bin\java.dll
0x0000000059180000 - 0x0000000059196000 	C:\Program Files\Java\jre1.8.0_172\bin\zip.dll
0x00007ffc568f0000 - 0x00007ffc57d30000 	C:\WINDOWS\System32\SHELL32.dll
0x00007ffc57fd0000 - 0x00007ffc58079000 	C:\WINDOWS\System32\shcore.dll
0x00007ffc55170000 - 0x00007ffc5587d000 	C:\WINDOWS\System32\windows.storage.dll
0x00007ffc564d0000 - 0x00007ffc56521000 	C:\WINDOWS\System32\shlwapi.dll
0x00007ffc55090000 - 0x00007ffc550a1000 	C:\WINDOWS\System32\kernel.appcore.dll
0x00007ffc55050000 - 0x00007ffc5506f000 	C:\WINDOWS\System32\profapi.dll
0x00007ffc54ff0000 - 0x00007ffc5503c000 	C:\WINDOWS\System32\powrprof.dll
0x00007ffc55040000 - 0x00007ffc5504a000 	C:\WINDOWS\System32\FLTLIB.DLL
0x0000000059160000 - 0x000000005917a000 	C:\Program Files\Java\jre1.8.0_172\bin\net.dll
0x00007ffc54810000 - 0x00007ffc54876000 	C:\WINDOWS\system32\mswsock.dll
0x00007ffc545d0000 - 0x00007ffc5468e000 	C:\WINDOWS\SYSTEM32\DNSAPI.dll
0x00007ffc58080000 - 0x00007ffc58088000 	C:\WINDOWS\System32\NSI.dll
0x00007ffc54590000 - 0x00007ffc545c8000 	C:\WINDOWS\SYSTEM32\IPHLPAPI.DLL
0x00007ffc45900000 - 0x00007ffc4590a000 	C:\Windows\System32\rasadhlp.dll
0x00007ffc45ab0000 - 0x00007ffc45b22000 	C:\WINDOWS\System32\fwpuclnt.dll
0x00007ffc54af0000 - 0x00007ffc54b15000 	C:\WINDOWS\SYSTEM32\bcrypt.dll
0x0000000058450000 - 0x0000000058474000 	C:\Program Files\Java\jre1.8.0_172\bin\sunec.dll
0x00007ffc49070000 - 0x00007ffc49086000 	C:\WINDOWS\SYSTEM32\dhcpcsvc6.DLL
0x00007ffc497c0000 - 0x00007ffc497da000 	C:\WINDOWS\SYSTEM32\dhcpcsvc.DLL
0x0000000059140000 - 0x0000000059151000 	C:\Program Files\Java\jre1.8.0_172\bin\nio.dll
0x00007ffc549c0000 - 0x00007ffc549d7000 	C:\WINDOWS\SYSTEM32\CRYPTSP.dll
0x00007ffc543f0000 - 0x00007ffc54423000 	C:\WINDOWS\system32\rsaenh.dll
0x00007ffc54ef0000 - 0x00007ffc54f18000 	C:\WINDOWS\SYSTEM32\USERENV.dll
0x00007ffc549e0000 - 0x00007ffc549eb000 	C:\WINDOWS\SYSTEM32\CRYPTBASE.dll
0x0000000059130000 - 0x000000005913b000 	C:\Program Files\Java\jre1.8.0_172\bin\sunmscapi.dll
0x00007ffc558e0000 - 0x00007ffc55ac2000 	C:\WINDOWS\System32\CRYPT32.dll
0x00007ffc55070000 - 0x00007ffc55082000 	C:\WINDOWS\System32\MSASN1.dll
0x00007ffc4c1e0000 - 0x00007ffc4c22b000 	C:\Program Files\Java\jre1.8.0_172\bin\sqljdbc_auth.dll
0x00007ffc58980000 - 0x00007ffc58ad1000 	C:\WINDOWS\System32\ole32.dll
0x00007ffc435c0000 - 0x00007ffc435cc000 	C:\WINDOWS\system32\secur32.dll
0x00007ffc54f20000 - 0x00007ffc54f50000 	C:\WINDOWS\SYSTEM32\SSPICLI.DLL
0x00007ffc548d0000 - 0x00007ffc549b8000 	C:\WINDOWS\system32\kerberos.DLL
0x00007ffc54790000 - 0x00007ffc54801000 	C:\WINDOWS\system32\msv1_0.DLL
0x00007ffc54780000 - 0x00007ffc5478d000 	C:\WINDOWS\SYSTEM32\NtlmShared.dll
0x00007ffc54880000 - 0x00007ffc54894000 	C:\WINDOWS\SYSTEM32\cryptdll.dll
0x00007ffc470c0000 - 0x00007ffc470e8000 	C:\WINDOWS\system32\ntdsapi.dll
0x00007ffc42e40000 - 0x00007ffc42e56000 	C:\WINDOWS\system32\napinsp.dll
0x00007ffc42920000 - 0x00007ffc4293a000 	C:\WINDOWS\system32\pnrpnsp.dll
0x00007ffc4a1e0000 - 0x00007ffc4a1f9000 	C:\WINDOWS\system32\NLAapi.dll
0x00007ffc42510000 - 0x00007ffc4251e000 	C:\WINDOWS\System32\winrnr.dll
0x00007ffc481a0000 - 0x00007ffc481b5000 	C:\WINDOWS\System32\wshbth.dll
0x00007ffc53a90000 - 0x00007ffc53c59000 	C:\WINDOWS\SYSTEM32\dbghelp.dll

VM Arguments:
jvm_args: -Dfile.encoding=UTF-8 
java_command: utils.DBUtils
java_class_path (initial): C:\Automation\custom-testng-reporter-master\target\classes;C:\Personal\Automation\eclipse-jee-luna-R-win32-x86_64\eclipse\plugins\org.testng_6.14.2.r201802161450.jar;C:\Personal\Automation\eclipse-jee-luna-R-win32-x86_64\eclipse\plugins\com.beust.jcommander_1.72.0.jar;C:\Personal\Automation\eclipse-jee-luna-R-win32-x86_64\eclipse\plugins\org.apache-extras.beanshell.bsh_2.0.0.b6.jar;C:\Personal\Automation\eclipse-jee-luna-R-win32-x86_64\eclipse\plugins\org.yaml.snakeyaml_1.17.0.jar;C:\Automation\custom-testng-reporter-master\src\driver\sqljdbc4.jar;C:\Users\Nupur Saha\.m2\repository\org\seleniumhq\selenium\selenium-java\2.44.0\selenium-java-2.44.0.jar;C:\Users\Nupur Saha\.m2\repository\org\seleniumhq\selenium\selenium-chrome-driver\2.44.0\selenium-chrome-driver-2.44.0.jar;C:\Users\Nupur Saha\.m2\repository\org\seleniumhq\selenium\selenium-remote-driver\2.44.0\selenium-remote-driver-2.44.0.jar;C:\Users\Nupur Saha\.m2\repository\cglib\cglib-nodep\2.1_3\cglib-nodep-2.1_3.jar;C:\Users\Nupur Saha\.m2\repository\org\seleniumhq\selenium\selenium-api\2.44.0\selenium-api-2.44.0.jar;C:\Users\Nupur Saha\.m2\repository\org\seleniumhq\selenium\selenium-htmlunit-driver\2.44.0\selenium-htmlunit-driver-2.44.0.jar;C:\Users\Nupur Saha\.m2\repository\net\sourceforge\htmlunit\htmlunit\2.15\htmlunit-2.15.jar;C:\Users\Nupur Saha\.m2\repository\xalan\xalan\2.7.1\xalan-2.7.1.jar;C:\Users\Nupur Saha\.m2\repository\xalan\serializer\2.7.1\serializer-2.7.1.jar;C:\Users\Nupur Saha\.m2\repository\org\apache\httpcomponents\httpmime\4.3.3\httpmime-4.3.3.jar;C:\Users\Nupur Saha\.m2\repository\net\sourceforge\htmlunit\htmlunit-core-js\2.15\htmlunit-core-js-2.15.jar;C:\Users\Nupur Saha\.m2\repository\xerces\xercesImpl\2.11.0\xercesImpl-2.11.0.jar;C:\Users\Nupur Saha\.m2\repository\net\sourceforge\nekohtml\nekohtml\1.9.21\nekohtml-1.9.21.jar;C:\Users\Nupur Saha\.m2\repository\net\sourceforge\cssparser\cssparser\0.9.14\cssparser-0.9.14.jar;C:\Users\Nupur Saha\.m2\repository\
Launcher Type: SUN_STANDARD

Environment Variables:
PATH=C:/Program Files/Java/jre1.8.0_172/bin/server;C:/Program Files/Java/jre1.8.0_172/bin;C:/Program Files/Java/jre1.8.0_172/lib/amd64;C:\Program Files (x86)\Common Files\Oracle\Java\javapath;C:\Program Files (x86)\Intel\TXE Components\iCLS\;C:\Program Files\Intel\TXE Components\iCLS\;C:\WINDOWS\system32;C:\WINDOWS;C:\WINDOWS\System32\Wbem;C:\WINDOWS\System32\WindowsPowerShell\v1.0\;C:\Program Files\Intel\TXE Components\DAL\;C:\Program Files (x86)\Intel\TXE Components\DAL\;C:\Program Files\Intel\TXE Components\IPT\;C:\Program Files (x86)\Intel\TXE Components\IPT\;C:\Program Files\Intel\WiFi\bin\;C:\Program Files\Common Files\Intel\WirelessCommon\;C:\Program Files (x86)\Microsoft SQL Server\Client SDK\ODBC\130\Tools\Binn\;C:\Program Files (x86)\Microsoft SQL Server\140\Tools\Binn\;C:\Program Files (x86)\Microsoft SQL Server\140\DTS\Binn\;C:\Program Files (x86)\Microsoft SQL Server\140\Tools\Binn\ManagementStudio\;C:\WINDOWS\System32\OpenSSH\;C:\Program Files\Microsoft SQL Server\Client SDK\ODBC\110\Tools\Binn\;C:\Program Files (x86)\Microsoft SQL Server\120\Tools\Binn\;C:\Program Files\Microsoft SQL Server\120\Tools\Binn\;C:\Program Files\Microsoft SQL Server\120\DTS\Binn\;C:\Program Files (x86)\Microsoft SQL Server\120\Tools\Binn\ManagementStudio\;C:\Program Files (x86)\Microsoft SQL Server\120\DTS\Binn\;C:\Program Files\Git\cmd;C:\Users\Nupur Saha\AppData\Local\Microsoft\WindowsApps;;C:\Personal\Automation\eclipse-jee-luna-R-win32-x86_64\eclipse;
USERNAME=Nupur Saha
OS=Windows_NT
PROCESSOR_IDENTIFIER=Intel64 Family 6 Model 122 Stepping 1, GenuineIntel



---------------  S Y S T E M  ---------------

OS: Windows 10.0 , 64 bit Build 17134 (10.0.17134.1)

CPU:total 4 (initial active 4) (4 cores per cpu, 1 threads per core) family 6 model 122 stepping 1, cmov, cx8, fxsr, mmx, sse, sse2, sse3, ssse3, sse4.1, sse4.2, popcnt, aes, clmul, erms, 3dnowpref, tsc, tscinvbit

Memory: 4k page, physical 4021836k(579692k free), swap 6896864k(2262556k free)

vm_info: Java HotSpot(TM) 64-Bit Server VM (25.172-b11) for windows-amd64 JRE (1.8.0_172-b11), built on Mar 28 2018 21:21:52 by "java_re" with MS VC++ 10.0 (VS2010)

time: Wed Jul 25 00:44:07 2018
elapsed time: 1 seconds (0d 0h 0m 1s)

